2022-11-08 00:44:32.022  INFO 20457 --- [main] r.s.p.c.MedicalPersonServiceApplication  : The following profiles are active: -Dliquibase.secureParsing=false
2022-11-08 00:44:32.923  INFO 20457 --- [main] .s.d.r.c.RepositoryConfigurationDelegate : Multiple Spring Data modules found, entering strict repository configuration mode!
2022-11-08 00:44:32.924  INFO 20457 --- [main] .s.d.r.c.RepositoryConfigurationDelegate : Bootstrapping Spring Data JDBC repositories in DEFAULT mode.
2022-11-08 00:44:32.931  INFO 20457 --- [main] .s.d.r.c.RepositoryConfigurationDelegate : Finished Spring Data repository scanning in 3ms. Found 0 JDBC repository interfaces.
2022-11-08 00:44:32.938  INFO 20457 --- [main] .s.d.r.c.RepositoryConfigurationDelegate : Multiple Spring Data modules found, entering strict repository configuration mode!
2022-11-08 00:44:32.938  INFO 20457 --- [main] .s.d.r.c.RepositoryConfigurationDelegate : Bootstrapping Spring Data JPA repositories in DEFERRED mode.
2022-11-08 00:44:32.943  INFO 20457 --- [main] .s.d.r.c.RepositoryConfigurationDelegate : Finished Spring Data repository scanning in 1ms. Found 0 JPA repository interfaces.
2022-11-08 00:44:33.109  INFO 20457 --- [main] o.s.cloud.context.scope.GenericScope     : BeanFactory id=54fa560c-8aec-30dc-bb2c-41510adc68e4
2022-11-08 00:44:33.539  INFO 20457 --- [main] o.s.b.w.embedded.tomcat.TomcatWebServer  : Tomcat initialized with port(s): 8090 (http)
2022-11-08 00:44:33.546  INFO 20457 --- [main] o.apache.catalina.core.StandardService   : Starting service [Tomcat]
2022-11-08 00:44:33.546  INFO 20457 --- [main] org.apache.catalina.core.StandardEngine  : Starting Servlet engine: [Apache Tomcat/9.0.35]
2022-11-08 00:44:33.619  INFO 20457 --- [main] o.a.c.c.C.[Tomcat].[localhost].[/]       : Initializing Spring embedded WebApplicationContext
2022-11-08 00:44:33.619  INFO 20457 --- [main] o.s.web.context.ContextLoader            : Root WebApplicationContext: initialization completed in 1582 ms
2022-11-08 00:44:33.859  INFO 20457 --- [main] com.zaxxer.hikari.HikariDataSource       : HikariPool-1 - Starting...
2022-11-08 00:44:34.129  INFO 20457 --- [main] com.zaxxer.hikari.HikariDataSource       : HikariPool-1 - Start completed.
2022-11-08 00:44:34.225  INFO 20457 --- [main] liquibase.database                       : Set default schema name to medical
2022-11-08 00:44:34.292  INFO 20457 --- [main] liquibase.lockservice                    : Successfully acquired change log lock
2022-11-08 00:44:34.435  INFO 20457 --- [main] liquibase.changelog                      : Reading resource: db/0.0.1/1-initial.xml
2022-11-08 00:44:34.544  INFO 20457 --- [main] liquibase.changelog                      : Reading resource: db/0.0.1/2-links.xml
2022-11-08 00:44:34.555  INFO 20457 --- [main] liquibase.changelog                      : Reading resource: db/0.0.1/3-insert.xml
2022-11-08 00:44:34.577  INFO 20457 --- [main] liquibase.lockservice                    : Successfully released change log lock
2022-11-08 00:44:34.582  WARN 20457 --- [main] ConfigServletWebServerApplicationContext : Exception encountered during context initialization - cancelling refresh attempt: org.springframework.beans.factory.BeanCreationException: Error creating bean with name 'liquibase' defined in class path resource [org/springframework/boot/autoconfigure/liquibase/LiquibaseAutoConfiguration$LiquibaseConfiguration.class]: Invocation of init method failed; nested exception is liquibase.exception.ChangeLogParseException: liquibase.exception.SetupException: java.io.FileNotFoundException: The file db/0.0.2/1-user_role.sql was not found in the configured search path:
    - Spring classpath
More locations can be added with the 'searchPath' parameter.
2022-11-08 00:44:34.582  INFO 20457 --- [main] com.zaxxer.hikari.HikariDataSource       : HikariPool-1 - Shutdown initiated...
2022-11-08 00:44:34.595  INFO 20457 --- [main] com.zaxxer.hikari.HikariDataSource       : HikariPool-1 - Shutdown completed.
2022-11-08 00:44:34.597  INFO 20457 --- [main] o.apache.catalina.core.StandardService   : Stopping service [Tomcat]
2022-11-08 00:44:34.610  INFO 20457 --- [main] ConditionEvaluationReportLoggingListener : 

Error starting ApplicationContext. To display the conditions report re-run your application with 'debug' enabled.
2022-11-08 00:44:34.618 ERROR 20457 --- [main] o.s.boot.SpringApplication               : Application run failed

org.springframework.beans.factory.BeanCreationException: Error creating bean with name 'liquibase' defined in class path resource [org/springframework/boot/autoconfigure/liquibase/LiquibaseAutoConfiguration$LiquibaseConfiguration.class]: Invocation of init method failed; nested exception is liquibase.exception.ChangeLogParseException: liquibase.exception.SetupException: java.io.FileNotFoundException: The file db/0.0.2/1-user_role.sql was not found in the configured search path:
    - Spring classpath
More locations can be added with the 'searchPath' parameter.
	at org.springframework.beans.factory.support.AbstractAutowireCapableBeanFactory.initializeBean(AbstractAutowireCapableBeanFactory.java:1796) ~[spring-beans-5.2.6.RELEASE.jar:5.2.6.RELEASE]
	at org.springframework.beans.factory.support.AbstractAutowireCapableBeanFactory.doCreateBean(AbstractAutowireCapableBeanFactory.java:595) ~[spring-beans-5.2.6.RELEASE.jar:5.2.6.RELEASE]
	at org.springframework.beans.factory.support.AbstractAutowireCapableBeanFactory.createBean(AbstractAutowireCapableBeanFactory.java:517) ~[spring-beans-5.2.6.RELEASE.jar:5.2.6.RELEASE]
	at org.springframework.beans.factory.support.AbstractBeanFactory.lambda$doGetBean$0(AbstractBeanFactory.java:323) ~[spring-beans-5.2.6.RELEASE.jar:5.2.6.RELEASE]
	at org.springframework.beans.factory.support.DefaultSingletonBeanRegistry.getSingleton(DefaultSingletonBeanRegistry.java:226) ~[spring-beans-5.2.6.RELEASE.jar:5.2.6.RELEASE]
	at org.springframework.beans.factory.support.AbstractBeanFactory.doGetBean(AbstractBeanFactory.java:321) ~[spring-beans-5.2.6.RELEASE.jar:5.2.6.RELEASE]
	at org.springframework.beans.factory.support.AbstractBeanFactory.getBean(AbstractBeanFactory.java:202) ~[spring-beans-5.2.6.RELEASE.jar:5.2.6.RELEASE]
	at org.springframework.beans.factory.support.AbstractBeanFactory.doGetBean(AbstractBeanFactory.java:310) ~[spring-beans-5.2.6.RELEASE.jar:5.2.6.RELEASE]
	at org.springframework.beans.factory.support.AbstractBeanFactory.getBean(AbstractBeanFactory.java:202) ~[spring-beans-5.2.6.RELEASE.jar:5.2.6.RELEASE]
	at org.springframework.context.support.AbstractApplicationContext.getBean(AbstractApplicationContext.java:1108) ~[spring-context-5.2.6.RELEASE.jar:5.2.6.RELEASE]
	at org.springframework.context.support.AbstractApplicationContext.finishBeanFactoryInitialization(AbstractApplicationContext.java:868) ~[spring-context-5.2.6.RELEASE.jar:5.2.6.RELEASE]
	at org.springframework.context.support.AbstractApplicationContext.refresh(AbstractApplicationContext.java:550) ~[spring-context-5.2.6.RELEASE.jar:5.2.6.RELEASE]
	at org.springframework.boot.web.servlet.context.ServletWebServerApplicationContext.refresh(ServletWebServerApplicationContext.java:143) ~[spring-boot-2.3.0.RELEASE.jar:2.3.0.RELEASE]
	at org.springframework.boot.SpringApplication.refresh(SpringApplication.java:758) ~[spring-boot-2.3.0.RELEASE.jar:2.3.0.RELEASE]
	at org.springframework.boot.SpringApplication.refresh(SpringApplication.java:750) ~[spring-boot-2.3.0.RELEASE.jar:2.3.0.RELEASE]
	at org.springframework.boot.SpringApplication.refreshContext(SpringApplication.java:397) ~[spring-boot-2.3.0.RELEASE.jar:2.3.0.RELEASE]
	at org.springframework.boot.SpringApplication.run(SpringApplication.java:315) ~[spring-boot-2.3.0.RELEASE.jar:2.3.0.RELEASE]
	at org.springframework.boot.SpringApplication.run(SpringApplication.java:1237) ~[spring-boot-2.3.0.RELEASE.jar:2.3.0.RELEASE]
	at org.springframework.boot.SpringApplication.run(SpringApplication.java:1226) ~[spring-boot-2.3.0.RELEASE.jar:2.3.0.RELEASE]
	at ru.savin.personservice.core.MedicalPersonServiceApplication.main(MedicalPersonServiceApplication.java:12) ~[classes/:na]
Caused by: liquibase.exception.ChangeLogParseException: liquibase.exception.SetupException: java.io.FileNotFoundException: The file db/0.0.2/1-user_role.sql was not found in the configured search path:
    - Spring classpath
More locations can be added with the 'searchPath' parameter.
	at liquibase.parser.core.xml.AbstractChangeLogParser.parse(AbstractChangeLogParser.java:25) ~[liquibase-core-4.17.1.jar:na]
	at liquibase.Liquibase.getDatabaseChangeLog(Liquibase.java:408) ~[liquibase-core-4.17.1.jar:na]
	at liquibase.Liquibase.getDatabaseChangeLog(Liquibase.java:393) ~[liquibase-core-4.17.1.jar:na]
	at liquibase.Liquibase.lambda$update$1(Liquibase.java:249) ~[liquibase-core-4.17.1.jar:na]
	at liquibase.Scope.lambda$child$0(Scope.java:180) ~[liquibase-core-4.17.1.jar:na]
	at liquibase.Scope.child(Scope.java:189) ~[liquibase-core-4.17.1.jar:na]
	at liquibase.Scope.child(Scope.java:179) ~[liquibase-core-4.17.1.jar:na]
	at liquibase.Scope.child(Scope.java:158) ~[liquibase-core-4.17.1.jar:na]
	at liquibase.Liquibase.runInScope(Liquibase.java:2447) ~[liquibase-core-4.17.1.jar:na]
	at liquibase.Liquibase.update(Liquibase.java:236) ~[liquibase-core-4.17.1.jar:na]
	at liquibase.Liquibase.update(Liquibase.java:221) ~[liquibase-core-4.17.1.jar:na]
	at liquibase.integration.spring.SpringLiquibase.performUpdate(SpringLiquibase.java:328) ~[liquibase-core-4.17.1.jar:na]
	at liquibase.integration.spring.SpringLiquibase.afterPropertiesSet(SpringLiquibase.java:283) ~[liquibase-core-4.17.1.jar:na]
	at org.springframework.beans.factory.support.AbstractAutowireCapableBeanFactory.invokeInitMethods(AbstractAutowireCapableBeanFactory.java:1855) ~[spring-beans-5.2.6.RELEASE.jar:5.2.6.RELEASE]
	at org.springframework.beans.factory.support.AbstractAutowireCapableBeanFactory.initializeBean(AbstractAutowireCapableBeanFactory.java:1792) ~[spring-beans-5.2.6.RELEASE.jar:5.2.6.RELEASE]
	... 19 common frames omitted
Caused by: liquibase.exception.SetupException: java.io.FileNotFoundException: The file db/0.0.2/1-user_role.sql was not found in the configured search path:
    - Spring classpath
More locations can be added with the 'searchPath' parameter.
	at liquibase.changelog.DatabaseChangeLog.handleChildNode(DatabaseChangeLog.java:419) ~[liquibase-core-4.17.1.jar:na]
	at liquibase.changelog.DatabaseChangeLog.load(DatabaseChangeLog.java:364) ~[liquibase-core-4.17.1.jar:na]
	at liquibase.parser.core.xml.AbstractChangeLogParser.parse(AbstractChangeLogParser.java:23) ~[liquibase-core-4.17.1.jar:na]
	... 33 common frames omitted
Caused by: liquibase.exception.ChangeLogParseException: java.io.FileNotFoundException: The file db/0.0.2/1-user_role.sql was not found in the configured search path:
    - Spring classpath
More locations can be added with the 'searchPath' parameter.
	at liquibase.parser.core.sql.SqlChangeLogParser.parse(SqlChangeLogParser.java:44) ~[liquibase-core-4.17.1.jar:na]
	at liquibase.changelog.DatabaseChangeLog.include(DatabaseChangeLog.java:717) ~[liquibase-core-4.17.1.jar:na]
	at liquibase.changelog.DatabaseChangeLog.handleChildNode(DatabaseChangeLog.java:411) ~[liquibase-core-4.17.1.jar:na]
	... 35 common frames omitted
Caused by: java.io.FileNotFoundException: The file db/0.0.2/1-user_role.sql was not found in the configured search path:
    - Spring classpath
More locations can be added with the 'searchPath' parameter.
	at liquibase.resource.ResourceAccessor.getExisting(ResourceAccessor.java:162) ~[liquibase-core-4.17.1.jar:na]
	at liquibase.parser.core.sql.SqlChangeLogParser.parse(SqlChangeLogParser.java:40) ~[liquibase-core-4.17.1.jar:na]
	... 37 common frames omitted

2022-11-08 00:44:34.620  WARN 20457 --- [main] o.s.boot.SpringApplication               : Unable to close ApplicationContext

org.springframework.beans.factory.BeanCreationException: Error creating bean with name 'applicationAvailability' defined in class path resource [org/springframework/boot/autoconfigure/availability/ApplicationAvailabilityAutoConfiguration.class]: BeanPostProcessor before instantiation of bean failed; nested exception is org.springframework.beans.factory.BeanCreationException: Error creating bean with name 'org.springframework.transaction.annotation.ProxyTransactionManagementConfiguration': Initialization of bean failed; nested exception is org.springframework.beans.factory.NoSuchBeanDefinitionException: No bean named 'org.springframework.context.annotation.ConfigurationClassPostProcessor.importRegistry' available
	at org.springframework.beans.factory.support.AbstractAutowireCapableBeanFactory.createBean(AbstractAutowireCapableBeanFactory.java:512) ~[spring-beans-5.2.6.RELEASE.jar:5.2.6.RELEASE]
	at org.springframework.beans.factory.support.AbstractBeanFactory.lambda$doGetBean$0(AbstractBeanFactory.java:323) ~[spring-beans-5.2.6.RELEASE.jar:5.2.6.RELEASE]
	at org.springframework.beans.factory.support.DefaultSingletonBeanRegistry.getSingleton(DefaultSingletonBeanRegistry.java:226) ~[spring-beans-5.2.6.RELEASE.jar:5.2.6.RELEASE]
	at org.springframework.beans.factory.support.AbstractBeanFactory.doGetBean(AbstractBeanFactory.java:321) ~[spring-beans-5.2.6.RELEASE.jar:5.2.6.RELEASE]
	at org.springframework.beans.factory.support.AbstractBeanFactory.getBean(AbstractBeanFactory.java:207) ~[spring-beans-5.2.6.RELEASE.jar:5.2.6.RELEASE]
	at org.springframework.context.event.AbstractApplicationEventMulticaster.retrieveApplicationListeners(AbstractApplicationEventMulticaster.java:245) ~[spring-context-5.2.6.RELEASE.jar:5.2.6.RELEASE]
	at org.springframework.context.event.AbstractApplicationEventMulticaster.getApplicationListeners(AbstractApplicationEventMulticaster.java:197) ~[spring-context-5.2.6.RELEASE.jar:5.2.6.RELEASE]
	at org.springframework.context.event.SimpleApplicationEventMulticaster.multicastEvent(SimpleApplicationEventMulticaster.java:134) ~[spring-context-5.2.6.RELEASE.jar:5.2.6.RELEASE]
	at org.springframework.context.support.AbstractApplicationContext.publishEvent(AbstractApplicationContext.java:403) ~[spring-context-5.2.6.RELEASE.jar:5.2.6.RELEASE]
	at org.springframework.context.support.AbstractApplicationContext.publishEvent(AbstractApplicationContext.java:360) ~[spring-context-5.2.6.RELEASE.jar:5.2.6.RELEASE]
	at org.springframework.boot.availability.AvailabilityChangeEvent.publish(AvailabilityChangeEvent.java:81) ~[spring-boot-2.3.0.RELEASE.jar:2.3.0.RELEASE]
	at org.springframework.boot.availability.AvailabilityChangeEvent.publish(AvailabilityChangeEvent.java:67) ~[spring-boot-2.3.0.RELEASE.jar:2.3.0.RELEASE]
	at org.springframework.boot.web.servlet.context.ServletWebServerApplicationContext.doClose(ServletWebServerApplicationContext.java:167) ~[spring-boot-2.3.0.RELEASE.jar:2.3.0.RELEASE]
	at org.springframework.context.support.AbstractApplicationContext.close(AbstractApplicationContext.java:978) ~[spring-context-5.2.6.RELEASE.jar:5.2.6.RELEASE]
	at org.springframework.boot.SpringApplication.handleRunFailure(SpringApplication.java:814) ~[spring-boot-2.3.0.RELEASE.jar:2.3.0.RELEASE]
	at org.springframework.boot.SpringApplication.run(SpringApplication.java:325) ~[spring-boot-2.3.0.RELEASE.jar:2.3.0.RELEASE]
	at org.springframework.boot.SpringApplication.run(SpringApplication.java:1237) ~[spring-boot-2.3.0.RELEASE.jar:2.3.0.RELEASE]
	at org.springframework.boot.SpringApplication.run(SpringApplication.java:1226) ~[spring-boot-2.3.0.RELEASE.jar:2.3.0.RELEASE]
	at ru.savin.personservice.core.MedicalPersonServiceApplication.main(MedicalPersonServiceApplication.java:12) ~[classes/:na]
Caused by: org.springframework.beans.factory.BeanCreationException: Error creating bean with name 'org.springframework.transaction.annotation.ProxyTransactionManagementConfiguration': Initialization of bean failed; nested exception is org.springframework.beans.factory.NoSuchBeanDefinitionException: No bean named 'org.springframework.context.annotation.ConfigurationClassPostProcessor.importRegistry' available
	at org.springframework.beans.factory.support.AbstractAutowireCapableBeanFactory.doCreateBean(AbstractAutowireCapableBeanFactory.java:603) ~[spring-beans-5.2.6.RELEASE.jar:5.2.6.RELEASE]
	at org.springframework.beans.factory.support.AbstractAutowireCapableBeanFactory.createBean(AbstractAutowireCapableBeanFactory.java:517) ~[spring-beans-5.2.6.RELEASE.jar:5.2.6.RELEASE]
	at org.springframework.beans.factory.support.AbstractBeanFactory.lambda$doGetBean$0(AbstractBeanFactory.java:323) ~[spring-beans-5.2.6.RELEASE.jar:5.2.6.RELEASE]
	at org.springframework.beans.factory.support.DefaultSingletonBeanRegistry.getSingleton(DefaultSingletonBeanRegistry.java:226) ~[spring-beans-5.2.6.RELEASE.jar:5.2.6.RELEASE]
	at org.springframework.beans.factory.support.AbstractBeanFactory.doGetBean(AbstractBeanFactory.java:321) ~[spring-beans-5.2.6.RELEASE.jar:5.2.6.RELEASE]
	at org.springframework.beans.factory.support.AbstractBeanFactory.getBean(AbstractBeanFactory.java:202) ~[spring-beans-5.2.6.RELEASE.jar:5.2.6.RELEASE]
	at org.springframework.beans.factory.support.ConstructorResolver.instantiateUsingFactoryMethod(ConstructorResolver.java:409) ~[spring-beans-5.2.6.RELEASE.jar:5.2.6.RELEASE]
	at org.springframework.beans.factory.support.AbstractAutowireCapableBeanFactory.instantiateUsingFactoryMethod(AbstractAutowireCapableBeanFactory.java:1338) ~[spring-beans-5.2.6.RELEASE.jar:5.2.6.RELEASE]
	at org.springframework.beans.factory.support.AbstractAutowireCapableBeanFactory.createBeanInstance(AbstractAutowireCapableBeanFactory.java:1177) ~[spring-beans-5.2.6.RELEASE.jar:5.2.6.RELEASE]
	at org.springframework.beans.factory.support.AbstractAutowireCapableBeanFactory.doCreateBean(AbstractAutowireCapableBeanFactory.java:557) ~[spring-beans-5.2.6.RELEASE.jar:5.2.6.RELEASE]
	at org.springframework.beans.factory.support.AbstractAutowireCapableBeanFactory.createBean(AbstractAutowireCapableBeanFactory.java:517) ~[spring-beans-5.2.6.RELEASE.jar:5.2.6.RELEASE]
	at org.springframework.beans.factory.support.AbstractBeanFactory.lambda$doGetBean$0(AbstractBeanFactory.java:323) ~[spring-beans-5.2.6.RELEASE.jar:5.2.6.RELEASE]
	at org.springframework.beans.factory.support.DefaultSingletonBeanRegistry.getSingleton(DefaultSingletonBeanRegistry.java:226) ~[spring-beans-5.2.6.RELEASE.jar:5.2.6.RELEASE]
	at org.springframework.beans.factory.support.AbstractBeanFactory.doGetBean(AbstractBeanFactory.java:321) ~[spring-beans-5.2.6.RELEASE.jar:5.2.6.RELEASE]
	at org.springframework.beans.factory.support.AbstractBeanFactory.getBean(AbstractBeanFactory.java:207) ~[spring-beans-5.2.6.RELEASE.jar:5.2.6.RELEASE]
	at org.springframework.aop.framework.autoproxy.BeanFactoryAdvisorRetrievalHelper.findAdvisorBeans(BeanFactoryAdvisorRetrievalHelper.java:91) ~[spring-aop-5.2.6.RELEASE.jar:5.2.6.RELEASE]
	at org.springframework.aop.framework.autoproxy.AbstractAdvisorAutoProxyCreator.findCandidateAdvisors(AbstractAdvisorAutoProxyCreator.java:109) ~[spring-aop-5.2.6.RELEASE.jar:5.2.6.RELEASE]
	at org.springframework.aop.aspectj.annotation.AnnotationAwareAspectJAutoProxyCreator.findCandidateAdvisors(AnnotationAwareAspectJAutoProxyCreator.java:92) ~[spring-aop-5.2.6.RELEASE.jar:5.2.6.RELEASE]
	at org.springframework.aop.aspectj.autoproxy.AspectJAwareAdvisorAutoProxyCreator.shouldSkip(AspectJAwareAdvisorAutoProxyCreator.java:101) ~[spring-aop-5.2.6.RELEASE.jar:5.2.6.RELEASE]
	at org.springframework.aop.framework.autoproxy.AbstractAutoProxyCreator.postProcessBeforeInstantiation(AbstractAutoProxyCreator.java:251) ~[spring-aop-5.2.6.RELEASE.jar:5.2.6.RELEASE]
	at org.springframework.beans.factory.support.AbstractAutowireCapableBeanFactory.applyBeanPostProcessorsBeforeInstantiation(AbstractAutowireCapableBeanFactory.java:1141) ~[spring-beans-5.2.6.RELEASE.jar:5.2.6.RELEASE]
	at org.springframework.beans.factory.support.AbstractAutowireCapableBeanFactory.resolveBeforeInstantiation(AbstractAutowireCapableBeanFactory.java:1114) ~[spring-beans-5.2.6.RELEASE.jar:5.2.6.RELEASE]
	at org.springframework.beans.factory.support.AbstractAutowireCapableBeanFactory.createBean(AbstractAutowireCapableBeanFactory.java:506) ~[spring-beans-5.2.6.RELEASE.jar:5.2.6.RELEASE]
	... 18 common frames omitted
Caused by: org.springframework.beans.factory.NoSuchBeanDefinitionException: No bean named 'org.springframework.context.annotation.ConfigurationClassPostProcessor.importRegistry' available
	at org.springframework.beans.factory.support.DefaultListableBeanFactory.getBeanDefinition(DefaultListableBeanFactory.java:814) ~[spring-beans-5.2.6.RELEASE.jar:5.2.6.RELEASE]
	at org.springframework.beans.factory.support.AbstractBeanFactory.getMergedLocalBeanDefinition(AbstractBeanFactory.java:1282) ~[spring-beans-5.2.6.RELEASE.jar:5.2.6.RELEASE]
	at org.springframework.beans.factory.support.AbstractBeanFactory.doGetBean(AbstractBeanFactory.java:297) ~[spring-beans-5.2.6.RELEASE.jar:5.2.6.RELEASE]
	at org.springframework.beans.factory.support.AbstractBeanFactory.doGetBean(AbstractBeanFactory.java:276) ~[spring-beans-5.2.6.RELEASE.jar:5.2.6.RELEASE]
	at org.springframework.beans.factory.support.AbstractBeanFactory.getBean(AbstractBeanFactory.java:207) ~[spring-beans-5.2.6.RELEASE.jar:5.2.6.RELEASE]
	at org.springframework.context.annotation.ConfigurationClassPostProcessor$ImportAwareBeanPostProcessor.postProcessBeforeInitialization(ConfigurationClassPostProcessor.java:456) ~[spring-context-5.2.6.RELEASE.jar:5.2.6.RELEASE]
	at org.springframework.beans.factory.support.AbstractAutowireCapableBeanFactory.applyBeanPostProcessorsBeforeInitialization(AbstractAutowireCapableBeanFactory.java:416) ~[spring-beans-5.2.6.RELEASE.jar:5.2.6.RELEASE]
	at org.springframework.beans.factory.support.AbstractAutowireCapableBeanFactory.initializeBean(AbstractAutowireCapableBeanFactory.java:1788) ~[spring-beans-5.2.6.RELEASE.jar:5.2.6.RELEASE]
	at org.springframework.beans.factory.support.AbstractAutowireCapableBeanFactory.doCreateBean(AbstractAutowireCapableBeanFactory.java:595) ~[spring-beans-5.2.6.RELEASE.jar:5.2.6.RELEASE]
	... 40 common frames omitted

2022-11-08 00:44:57.884  INFO 21038 --- [main] r.s.p.c.MedicalPersonServiceApplication  : The following profiles are active: -Dliquibase.secureParsing=false
2022-11-08 00:44:58.879  INFO 21038 --- [main] .s.d.r.c.RepositoryConfigurationDelegate : Multiple Spring Data modules found, entering strict repository configuration mode!
2022-11-08 00:44:58.880  INFO 21038 --- [main] .s.d.r.c.RepositoryConfigurationDelegate : Bootstrapping Spring Data JDBC repositories in DEFAULT mode.
2022-11-08 00:44:58.887  INFO 21038 --- [main] .s.d.r.c.RepositoryConfigurationDelegate : Finished Spring Data repository scanning in 4ms. Found 0 JDBC repository interfaces.
2022-11-08 00:44:58.893  INFO 21038 --- [main] .s.d.r.c.RepositoryConfigurationDelegate : Multiple Spring Data modules found, entering strict repository configuration mode!
2022-11-08 00:44:58.894  INFO 21038 --- [main] .s.d.r.c.RepositoryConfigurationDelegate : Bootstrapping Spring Data JPA repositories in DEFERRED mode.
2022-11-08 00:44:58.898  INFO 21038 --- [main] .s.d.r.c.RepositoryConfigurationDelegate : Finished Spring Data repository scanning in 2ms. Found 0 JPA repository interfaces.
2022-11-08 00:44:59.094  INFO 21038 --- [main] o.s.cloud.context.scope.GenericScope     : BeanFactory id=54fa560c-8aec-30dc-bb2c-41510adc68e4
2022-11-08 00:44:59.509  INFO 21038 --- [main] o.s.b.w.embedded.tomcat.TomcatWebServer  : Tomcat initialized with port(s): 8090 (http)
2022-11-08 00:44:59.515  INFO 21038 --- [main] o.apache.catalina.core.StandardService   : Starting service [Tomcat]
2022-11-08 00:44:59.516  INFO 21038 --- [main] org.apache.catalina.core.StandardEngine  : Starting Servlet engine: [Apache Tomcat/9.0.35]
2022-11-08 00:44:59.589  INFO 21038 --- [main] o.a.c.c.C.[Tomcat].[localhost].[/]       : Initializing Spring embedded WebApplicationContext
2022-11-08 00:44:59.589  INFO 21038 --- [main] o.s.web.context.ContextLoader            : Root WebApplicationContext: initialization completed in 1690 ms
2022-11-08 00:44:59.817  INFO 21038 --- [main] com.zaxxer.hikari.HikariDataSource       : HikariPool-1 - Starting...
2022-11-08 00:45:00.023  INFO 21038 --- [main] com.zaxxer.hikari.HikariDataSource       : HikariPool-1 - Start completed.
2022-11-08 00:45:00.115  INFO 21038 --- [main] liquibase.database                       : Set default schema name to medical
2022-11-08 00:45:00.203  INFO 21038 --- [main] liquibase.lockservice                    : Successfully acquired change log lock
2022-11-08 00:45:00.325  INFO 21038 --- [main] liquibase.changelog                      : Reading resource: db/0.0.1/1-initial.xml
2022-11-08 00:45:00.430  INFO 21038 --- [main] liquibase.changelog                      : Reading resource: db/0.0.1/2-links.xml
2022-11-08 00:45:00.441  INFO 21038 --- [main] liquibase.changelog                      : Reading resource: db/0.0.1/3-insert.xml
2022-11-08 00:45:00.455  INFO 21038 --- [main] liquibase.lockservice                    : Successfully released change log lock
2022-11-08 00:45:00.459  WARN 21038 --- [main] ConfigServletWebServerApplicationContext : Exception encountered during context initialization - cancelling refresh attempt: org.springframework.beans.factory.BeanCreationException: Error creating bean with name 'liquibase' defined in class path resource [org/springframework/boot/autoconfigure/liquibase/LiquibaseAutoConfiguration$LiquibaseConfiguration.class]: Invocation of init method failed; nested exception is liquibase.exception.ChangeLogParseException: liquibase.exception.SetupException: java.io.FileNotFoundException: The file db/0.0.2/1-user_role.sql was not found in the configured search path:
    - Spring classpath
More locations can be added with the 'searchPath' parameter.
2022-11-08 00:45:00.460  INFO 21038 --- [main] com.zaxxer.hikari.HikariDataSource       : HikariPool-1 - Shutdown initiated...
2022-11-08 00:45:00.469  INFO 21038 --- [main] com.zaxxer.hikari.HikariDataSource       : HikariPool-1 - Shutdown completed.
2022-11-08 00:45:00.471  INFO 21038 --- [main] o.apache.catalina.core.StandardService   : Stopping service [Tomcat]
2022-11-08 00:45:00.484  INFO 21038 --- [main] ConditionEvaluationReportLoggingListener : 

Error starting ApplicationContext. To display the conditions report re-run your application with 'debug' enabled.
2022-11-08 00:45:00.491 ERROR 21038 --- [main] o.s.boot.SpringApplication               : Application run failed

org.springframework.beans.factory.BeanCreationException: Error creating bean with name 'liquibase' defined in class path resource [org/springframework/boot/autoconfigure/liquibase/LiquibaseAutoConfiguration$LiquibaseConfiguration.class]: Invocation of init method failed; nested exception is liquibase.exception.ChangeLogParseException: liquibase.exception.SetupException: java.io.FileNotFoundException: The file db/0.0.2/1-user_role.sql was not found in the configured search path:
    - Spring classpath
More locations can be added with the 'searchPath' parameter.
	at org.springframework.beans.factory.support.AbstractAutowireCapableBeanFactory.initializeBean(AbstractAutowireCapableBeanFactory.java:1796) ~[spring-beans-5.2.6.RELEASE.jar:5.2.6.RELEASE]
	at org.springframework.beans.factory.support.AbstractAutowireCapableBeanFactory.doCreateBean(AbstractAutowireCapableBeanFactory.java:595) ~[spring-beans-5.2.6.RELEASE.jar:5.2.6.RELEASE]
	at org.springframework.beans.factory.support.AbstractAutowireCapableBeanFactory.createBean(AbstractAutowireCapableBeanFactory.java:517) ~[spring-beans-5.2.6.RELEASE.jar:5.2.6.RELEASE]
	at org.springframework.beans.factory.support.AbstractBeanFactory.lambda$doGetBean$0(AbstractBeanFactory.java:323) ~[spring-beans-5.2.6.RELEASE.jar:5.2.6.RELEASE]
	at org.springframework.beans.factory.support.DefaultSingletonBeanRegistry.getSingleton(DefaultSingletonBeanRegistry.java:226) ~[spring-beans-5.2.6.RELEASE.jar:5.2.6.RELEASE]
	at org.springframework.beans.factory.support.AbstractBeanFactory.doGetBean(AbstractBeanFactory.java:321) ~[spring-beans-5.2.6.RELEASE.jar:5.2.6.RELEASE]
	at org.springframework.beans.factory.support.AbstractBeanFactory.getBean(AbstractBeanFactory.java:202) ~[spring-beans-5.2.6.RELEASE.jar:5.2.6.RELEASE]
	at org.springframework.beans.factory.support.AbstractBeanFactory.doGetBean(AbstractBeanFactory.java:310) ~[spring-beans-5.2.6.RELEASE.jar:5.2.6.RELEASE]
	at org.springframework.beans.factory.support.AbstractBeanFactory.getBean(AbstractBeanFactory.java:202) ~[spring-beans-5.2.6.RELEASE.jar:5.2.6.RELEASE]
	at org.springframework.context.support.AbstractApplicationContext.getBean(AbstractApplicationContext.java:1108) ~[spring-context-5.2.6.RELEASE.jar:5.2.6.RELEASE]
	at org.springframework.context.support.AbstractApplicationContext.finishBeanFactoryInitialization(AbstractApplicationContext.java:868) ~[spring-context-5.2.6.RELEASE.jar:5.2.6.RELEASE]
	at org.springframework.context.support.AbstractApplicationContext.refresh(AbstractApplicationContext.java:550) ~[spring-context-5.2.6.RELEASE.jar:5.2.6.RELEASE]
	at org.springframework.boot.web.servlet.context.ServletWebServerApplicationContext.refresh(ServletWebServerApplicationContext.java:143) ~[spring-boot-2.3.0.RELEASE.jar:2.3.0.RELEASE]
	at org.springframework.boot.SpringApplication.refresh(SpringApplication.java:758) ~[spring-boot-2.3.0.RELEASE.jar:2.3.0.RELEASE]
	at org.springframework.boot.SpringApplication.refresh(SpringApplication.java:750) ~[spring-boot-2.3.0.RELEASE.jar:2.3.0.RELEASE]
	at org.springframework.boot.SpringApplication.refreshContext(SpringApplication.java:397) ~[spring-boot-2.3.0.RELEASE.jar:2.3.0.RELEASE]
	at org.springframework.boot.SpringApplication.run(SpringApplication.java:315) ~[spring-boot-2.3.0.RELEASE.jar:2.3.0.RELEASE]
	at org.springframework.boot.SpringApplication.run(SpringApplication.java:1237) ~[spring-boot-2.3.0.RELEASE.jar:2.3.0.RELEASE]
	at org.springframework.boot.SpringApplication.run(SpringApplication.java:1226) ~[spring-boot-2.3.0.RELEASE.jar:2.3.0.RELEASE]
	at ru.savin.personservice.core.MedicalPersonServiceApplication.main(MedicalPersonServiceApplication.java:12) ~[classes/:na]
Caused by: liquibase.exception.ChangeLogParseException: liquibase.exception.SetupException: java.io.FileNotFoundException: The file db/0.0.2/1-user_role.sql was not found in the configured search path:
    - Spring classpath
More locations can be added with the 'searchPath' parameter.
	at liquibase.parser.core.xml.AbstractChangeLogParser.parse(AbstractChangeLogParser.java:25) ~[liquibase-core-4.17.1.jar:na]
	at liquibase.Liquibase.getDatabaseChangeLog(Liquibase.java:408) ~[liquibase-core-4.17.1.jar:na]
	at liquibase.Liquibase.getDatabaseChangeLog(Liquibase.java:393) ~[liquibase-core-4.17.1.jar:na]
	at liquibase.Liquibase.lambda$update$1(Liquibase.java:249) ~[liquibase-core-4.17.1.jar:na]
	at liquibase.Scope.lambda$child$0(Scope.java:180) ~[liquibase-core-4.17.1.jar:na]
	at liquibase.Scope.child(Scope.java:189) ~[liquibase-core-4.17.1.jar:na]
	at liquibase.Scope.child(Scope.java:179) ~[liquibase-core-4.17.1.jar:na]
	at liquibase.Scope.child(Scope.java:158) ~[liquibase-core-4.17.1.jar:na]
	at liquibase.Liquibase.runInScope(Liquibase.java:2447) ~[liquibase-core-4.17.1.jar:na]
	at liquibase.Liquibase.update(Liquibase.java:236) ~[liquibase-core-4.17.1.jar:na]
	at liquibase.Liquibase.update(Liquibase.java:221) ~[liquibase-core-4.17.1.jar:na]
	at liquibase.integration.spring.SpringLiquibase.performUpdate(SpringLiquibase.java:328) ~[liquibase-core-4.17.1.jar:na]
	at liquibase.integration.spring.SpringLiquibase.afterPropertiesSet(SpringLiquibase.java:283) ~[liquibase-core-4.17.1.jar:na]
	at org.springframework.beans.factory.support.AbstractAutowireCapableBeanFactory.invokeInitMethods(AbstractAutowireCapableBeanFactory.java:1855) ~[spring-beans-5.2.6.RELEASE.jar:5.2.6.RELEASE]
	at org.springframework.beans.factory.support.AbstractAutowireCapableBeanFactory.initializeBean(AbstractAutowireCapableBeanFactory.java:1792) ~[spring-beans-5.2.6.RELEASE.jar:5.2.6.RELEASE]
	... 19 common frames omitted
Caused by: liquibase.exception.SetupException: java.io.FileNotFoundException: The file db/0.0.2/1-user_role.sql was not found in the configured search path:
    - Spring classpath
More locations can be added with the 'searchPath' parameter.
	at liquibase.changelog.DatabaseChangeLog.handleChildNode(DatabaseChangeLog.java:419) ~[liquibase-core-4.17.1.jar:na]
	at liquibase.changelog.DatabaseChangeLog.load(DatabaseChangeLog.java:364) ~[liquibase-core-4.17.1.jar:na]
	at liquibase.parser.core.xml.AbstractChangeLogParser.parse(AbstractChangeLogParser.java:23) ~[liquibase-core-4.17.1.jar:na]
	... 33 common frames omitted
Caused by: liquibase.exception.ChangeLogParseException: java.io.FileNotFoundException: The file db/0.0.2/1-user_role.sql was not found in the configured search path:
    - Spring classpath
More locations can be added with the 'searchPath' parameter.
	at liquibase.parser.core.sql.SqlChangeLogParser.parse(SqlChangeLogParser.java:44) ~[liquibase-core-4.17.1.jar:na]
	at liquibase.changelog.DatabaseChangeLog.include(DatabaseChangeLog.java:717) ~[liquibase-core-4.17.1.jar:na]
	at liquibase.changelog.DatabaseChangeLog.handleChildNode(DatabaseChangeLog.java:411) ~[liquibase-core-4.17.1.jar:na]
	... 35 common frames omitted
Caused by: java.io.FileNotFoundException: The file db/0.0.2/1-user_role.sql was not found in the configured search path:
    - Spring classpath
More locations can be added with the 'searchPath' parameter.
	at liquibase.resource.ResourceAccessor.getExisting(ResourceAccessor.java:162) ~[liquibase-core-4.17.1.jar:na]
	at liquibase.parser.core.sql.SqlChangeLogParser.parse(SqlChangeLogParser.java:40) ~[liquibase-core-4.17.1.jar:na]
	... 37 common frames omitted

2022-11-08 00:45:00.493  WARN 21038 --- [main] o.s.boot.SpringApplication               : Unable to close ApplicationContext

org.springframework.beans.factory.BeanCreationException: Error creating bean with name 'applicationAvailability' defined in class path resource [org/springframework/boot/autoconfigure/availability/ApplicationAvailabilityAutoConfiguration.class]: BeanPostProcessor before instantiation of bean failed; nested exception is org.springframework.beans.factory.BeanCreationException: Error creating bean with name 'org.springframework.transaction.annotation.ProxyTransactionManagementConfiguration': Initialization of bean failed; nested exception is org.springframework.beans.factory.NoSuchBeanDefinitionException: No bean named 'org.springframework.context.annotation.ConfigurationClassPostProcessor.importRegistry' available
	at org.springframework.beans.factory.support.AbstractAutowireCapableBeanFactory.createBean(AbstractAutowireCapableBeanFactory.java:512) ~[spring-beans-5.2.6.RELEASE.jar:5.2.6.RELEASE]
	at org.springframework.beans.factory.support.AbstractBeanFactory.lambda$doGetBean$0(AbstractBeanFactory.java:323) ~[spring-beans-5.2.6.RELEASE.jar:5.2.6.RELEASE]
	at org.springframework.beans.factory.support.DefaultSingletonBeanRegistry.getSingleton(DefaultSingletonBeanRegistry.java:226) ~[spring-beans-5.2.6.RELEASE.jar:5.2.6.RELEASE]
	at org.springframework.beans.factory.support.AbstractBeanFactory.doGetBean(AbstractBeanFactory.java:321) ~[spring-beans-5.2.6.RELEASE.jar:5.2.6.RELEASE]
	at org.springframework.beans.factory.support.AbstractBeanFactory.getBean(AbstractBeanFactory.java:207) ~[spring-beans-5.2.6.RELEASE.jar:5.2.6.RELEASE]
	at org.springframework.context.event.AbstractApplicationEventMulticaster.retrieveApplicationListeners(AbstractApplicationEventMulticaster.java:245) ~[spring-context-5.2.6.RELEASE.jar:5.2.6.RELEASE]
	at org.springframework.context.event.AbstractApplicationEventMulticaster.getApplicationListeners(AbstractApplicationEventMulticaster.java:197) ~[spring-context-5.2.6.RELEASE.jar:5.2.6.RELEASE]
	at org.springframework.context.event.SimpleApplicationEventMulticaster.multicastEvent(SimpleApplicationEventMulticaster.java:134) ~[spring-context-5.2.6.RELEASE.jar:5.2.6.RELEASE]
	at org.springframework.context.support.AbstractApplicationContext.publishEvent(AbstractApplicationContext.java:403) ~[spring-context-5.2.6.RELEASE.jar:5.2.6.RELEASE]
	at org.springframework.context.support.AbstractApplicationContext.publishEvent(AbstractApplicationContext.java:360) ~[spring-context-5.2.6.RELEASE.jar:5.2.6.RELEASE]
	at org.springframework.boot.availability.AvailabilityChangeEvent.publish(AvailabilityChangeEvent.java:81) ~[spring-boot-2.3.0.RELEASE.jar:2.3.0.RELEASE]
	at org.springframework.boot.availability.AvailabilityChangeEvent.publish(AvailabilityChangeEvent.java:67) ~[spring-boot-2.3.0.RELEASE.jar:2.3.0.RELEASE]
	at org.springframework.boot.web.servlet.context.ServletWebServerApplicationContext.doClose(ServletWebServerApplicationContext.java:167) ~[spring-boot-2.3.0.RELEASE.jar:2.3.0.RELEASE]
	at org.springframework.context.support.AbstractApplicationContext.close(AbstractApplicationContext.java:978) ~[spring-context-5.2.6.RELEASE.jar:5.2.6.RELEASE]
	at org.springframework.boot.SpringApplication.handleRunFailure(SpringApplication.java:814) ~[spring-boot-2.3.0.RELEASE.jar:2.3.0.RELEASE]
	at org.springframework.boot.SpringApplication.run(SpringApplication.java:325) ~[spring-boot-2.3.0.RELEASE.jar:2.3.0.RELEASE]
	at org.springframework.boot.SpringApplication.run(SpringApplication.java:1237) ~[spring-boot-2.3.0.RELEASE.jar:2.3.0.RELEASE]
	at org.springframework.boot.SpringApplication.run(SpringApplication.java:1226) ~[spring-boot-2.3.0.RELEASE.jar:2.3.0.RELEASE]
	at ru.savin.personservice.core.MedicalPersonServiceApplication.main(MedicalPersonServiceApplication.java:12) ~[classes/:na]
Caused by: org.springframework.beans.factory.BeanCreationException: Error creating bean with name 'org.springframework.transaction.annotation.ProxyTransactionManagementConfiguration': Initialization of bean failed; nested exception is org.springframework.beans.factory.NoSuchBeanDefinitionException: No bean named 'org.springframework.context.annotation.ConfigurationClassPostProcessor.importRegistry' available
	at org.springframework.beans.factory.support.AbstractAutowireCapableBeanFactory.doCreateBean(AbstractAutowireCapableBeanFactory.java:603) ~[spring-beans-5.2.6.RELEASE.jar:5.2.6.RELEASE]
	at org.springframework.beans.factory.support.AbstractAutowireCapableBeanFactory.createBean(AbstractAutowireCapableBeanFactory.java:517) ~[spring-beans-5.2.6.RELEASE.jar:5.2.6.RELEASE]
	at org.springframework.beans.factory.support.AbstractBeanFactory.lambda$doGetBean$0(AbstractBeanFactory.java:323) ~[spring-beans-5.2.6.RELEASE.jar:5.2.6.RELEASE]
	at org.springframework.beans.factory.support.DefaultSingletonBeanRegistry.getSingleton(DefaultSingletonBeanRegistry.java:226) ~[spring-beans-5.2.6.RELEASE.jar:5.2.6.RELEASE]
	at org.springframework.beans.factory.support.AbstractBeanFactory.doGetBean(AbstractBeanFactory.java:321) ~[spring-beans-5.2.6.RELEASE.jar:5.2.6.RELEASE]
	at org.springframework.beans.factory.support.AbstractBeanFactory.getBean(AbstractBeanFactory.java:202) ~[spring-beans-5.2.6.RELEASE.jar:5.2.6.RELEASE]
	at org.springframework.beans.factory.support.ConstructorResolver.instantiateUsingFactoryMethod(ConstructorResolver.java:409) ~[spring-beans-5.2.6.RELEASE.jar:5.2.6.RELEASE]
	at org.springframework.beans.factory.support.AbstractAutowireCapableBeanFactory.instantiateUsingFactoryMethod(AbstractAutowireCapableBeanFactory.java:1338) ~[spring-beans-5.2.6.RELEASE.jar:5.2.6.RELEASE]
	at org.springframework.beans.factory.support.AbstractAutowireCapableBeanFactory.createBeanInstance(AbstractAutowireCapableBeanFactory.java:1177) ~[spring-beans-5.2.6.RELEASE.jar:5.2.6.RELEASE]
	at org.springframework.beans.factory.support.AbstractAutowireCapableBeanFactory.doCreateBean(AbstractAutowireCapableBeanFactory.java:557) ~[spring-beans-5.2.6.RELEASE.jar:5.2.6.RELEASE]
	at org.springframework.beans.factory.support.AbstractAutowireCapableBeanFactory.createBean(AbstractAutowireCapableBeanFactory.java:517) ~[spring-beans-5.2.6.RELEASE.jar:5.2.6.RELEASE]
	at org.springframework.beans.factory.support.AbstractBeanFactory.lambda$doGetBean$0(AbstractBeanFactory.java:323) ~[spring-beans-5.2.6.RELEASE.jar:5.2.6.RELEASE]
	at org.springframework.beans.factory.support.DefaultSingletonBeanRegistry.getSingleton(DefaultSingletonBeanRegistry.java:226) ~[spring-beans-5.2.6.RELEASE.jar:5.2.6.RELEASE]
	at org.springframework.beans.factory.support.AbstractBeanFactory.doGetBean(AbstractBeanFactory.java:321) ~[spring-beans-5.2.6.RELEASE.jar:5.2.6.RELEASE]
	at org.springframework.beans.factory.support.AbstractBeanFactory.getBean(AbstractBeanFactory.java:207) ~[spring-beans-5.2.6.RELEASE.jar:5.2.6.RELEASE]
	at org.springframework.aop.framework.autoproxy.BeanFactoryAdvisorRetrievalHelper.findAdvisorBeans(BeanFactoryAdvisorRetrievalHelper.java:91) ~[spring-aop-5.2.6.RELEASE.jar:5.2.6.RELEASE]
	at org.springframework.aop.framework.autoproxy.AbstractAdvisorAutoProxyCreator.findCandidateAdvisors(AbstractAdvisorAutoProxyCreator.java:109) ~[spring-aop-5.2.6.RELEASE.jar:5.2.6.RELEASE]
	at org.springframework.aop.aspectj.annotation.AnnotationAwareAspectJAutoProxyCreator.findCandidateAdvisors(AnnotationAwareAspectJAutoProxyCreator.java:92) ~[spring-aop-5.2.6.RELEASE.jar:5.2.6.RELEASE]
	at org.springframework.aop.aspectj.autoproxy.AspectJAwareAdvisorAutoProxyCreator.shouldSkip(AspectJAwareAdvisorAutoProxyCreator.java:101) ~[spring-aop-5.2.6.RELEASE.jar:5.2.6.RELEASE]
	at org.springframework.aop.framework.autoproxy.AbstractAutoProxyCreator.postProcessBeforeInstantiation(AbstractAutoProxyCreator.java:251) ~[spring-aop-5.2.6.RELEASE.jar:5.2.6.RELEASE]
	at org.springframework.beans.factory.support.AbstractAutowireCapableBeanFactory.applyBeanPostProcessorsBeforeInstantiation(AbstractAutowireCapableBeanFactory.java:1141) ~[spring-beans-5.2.6.RELEASE.jar:5.2.6.RELEASE]
	at org.springframework.beans.factory.support.AbstractAutowireCapableBeanFactory.resolveBeforeInstantiation(AbstractAutowireCapableBeanFactory.java:1114) ~[spring-beans-5.2.6.RELEASE.jar:5.2.6.RELEASE]
	at org.springframework.beans.factory.support.AbstractAutowireCapableBeanFactory.createBean(AbstractAutowireCapableBeanFactory.java:506) ~[spring-beans-5.2.6.RELEASE.jar:5.2.6.RELEASE]
	... 18 common frames omitted
Caused by: org.springframework.beans.factory.NoSuchBeanDefinitionException: No bean named 'org.springframework.context.annotation.ConfigurationClassPostProcessor.importRegistry' available
	at org.springframework.beans.factory.support.DefaultListableBeanFactory.getBeanDefinition(DefaultListableBeanFactory.java:814) ~[spring-beans-5.2.6.RELEASE.jar:5.2.6.RELEASE]
	at org.springframework.beans.factory.support.AbstractBeanFactory.getMergedLocalBeanDefinition(AbstractBeanFactory.java:1282) ~[spring-beans-5.2.6.RELEASE.jar:5.2.6.RELEASE]
	at org.springframework.beans.factory.support.AbstractBeanFactory.doGetBean(AbstractBeanFactory.java:297) ~[spring-beans-5.2.6.RELEASE.jar:5.2.6.RELEASE]
	at org.springframework.beans.factory.support.AbstractBeanFactory.doGetBean(AbstractBeanFactory.java:276) ~[spring-beans-5.2.6.RELEASE.jar:5.2.6.RELEASE]
	at org.springframework.beans.factory.support.AbstractBeanFactory.getBean(AbstractBeanFactory.java:207) ~[spring-beans-5.2.6.RELEASE.jar:5.2.6.RELEASE]
	at org.springframework.context.annotation.ConfigurationClassPostProcessor$ImportAwareBeanPostProcessor.postProcessBeforeInitialization(ConfigurationClassPostProcessor.java:456) ~[spring-context-5.2.6.RELEASE.jar:5.2.6.RELEASE]
	at org.springframework.beans.factory.support.AbstractAutowireCapableBeanFactory.applyBeanPostProcessorsBeforeInitialization(AbstractAutowireCapableBeanFactory.java:416) ~[spring-beans-5.2.6.RELEASE.jar:5.2.6.RELEASE]
	at org.springframework.beans.factory.support.AbstractAutowireCapableBeanFactory.initializeBean(AbstractAutowireCapableBeanFactory.java:1788) ~[spring-beans-5.2.6.RELEASE.jar:5.2.6.RELEASE]
	at org.springframework.beans.factory.support.AbstractAutowireCapableBeanFactory.doCreateBean(AbstractAutowireCapableBeanFactory.java:595) ~[spring-beans-5.2.6.RELEASE.jar:5.2.6.RELEASE]
	... 40 common frames omitted

2022-11-08 00:45:36.508  INFO 21706 --- [main] r.s.p.c.MedicalPersonServiceApplication  : The following profiles are active: -Dliquibase.secureParsing=false
2022-11-08 00:45:37.335  INFO 21706 --- [main] .s.d.r.c.RepositoryConfigurationDelegate : Multiple Spring Data modules found, entering strict repository configuration mode!
2022-11-08 00:45:37.335  INFO 21706 --- [main] .s.d.r.c.RepositoryConfigurationDelegate : Bootstrapping Spring Data JDBC repositories in DEFAULT mode.
2022-11-08 00:45:37.342  INFO 21706 --- [main] .s.d.r.c.RepositoryConfigurationDelegate : Finished Spring Data repository scanning in 4ms. Found 0 JDBC repository interfaces.
2022-11-08 00:45:37.348  INFO 21706 --- [main] .s.d.r.c.RepositoryConfigurationDelegate : Multiple Spring Data modules found, entering strict repository configuration mode!
2022-11-08 00:45:37.348  INFO 21706 --- [main] .s.d.r.c.RepositoryConfigurationDelegate : Bootstrapping Spring Data JPA repositories in DEFERRED mode.
2022-11-08 00:45:37.352  INFO 21706 --- [main] .s.d.r.c.RepositoryConfigurationDelegate : Finished Spring Data repository scanning in 1ms. Found 0 JPA repository interfaces.
2022-11-08 00:45:37.512  INFO 21706 --- [main] o.s.cloud.context.scope.GenericScope     : BeanFactory id=54fa560c-8aec-30dc-bb2c-41510adc68e4
2022-11-08 00:45:37.904  INFO 21706 --- [main] o.s.b.w.embedded.tomcat.TomcatWebServer  : Tomcat initialized with port(s): 8090 (http)
2022-11-08 00:45:37.910  INFO 21706 --- [main] o.apache.catalina.core.StandardService   : Starting service [Tomcat]
2022-11-08 00:45:37.910  INFO 21706 --- [main] org.apache.catalina.core.StandardEngine  : Starting Servlet engine: [Apache Tomcat/9.0.35]
2022-11-08 00:45:37.983  INFO 21706 --- [main] o.a.c.c.C.[Tomcat].[localhost].[/]       : Initializing Spring embedded WebApplicationContext
2022-11-08 00:45:37.984  INFO 21706 --- [main] o.s.web.context.ContextLoader            : Root WebApplicationContext: initialization completed in 1457 ms
2022-11-08 00:45:38.226  INFO 21706 --- [main] com.zaxxer.hikari.HikariDataSource       : HikariPool-1 - Starting...
2022-11-08 00:45:38.467  INFO 21706 --- [main] com.zaxxer.hikari.HikariDataSource       : HikariPool-1 - Start completed.
2022-11-08 00:45:38.565  INFO 21706 --- [main] liquibase.database                       : Set default schema name to medical
2022-11-08 00:45:38.640  INFO 21706 --- [main] liquibase.lockservice                    : Successfully acquired change log lock
2022-11-08 00:45:38.786  INFO 21706 --- [main] liquibase.changelog                      : Reading resource: db/0.0.1/1-initial.xml
2022-11-08 00:45:38.921  INFO 21706 --- [main] liquibase.changelog                      : Reading resource: db/0.0.1/2-links.xml
2022-11-08 00:45:38.932  INFO 21706 --- [main] liquibase.changelog                      : Reading resource: db/0.0.1/3-insert.xml
2022-11-08 00:45:38.955  INFO 21706 --- [main] liquibase.changelog                      : Creating database history table with name: medical.databasechangelog
2022-11-08 00:45:38.962  INFO 21706 --- [main] liquibase.changelog                      : Reading from medical.databasechangelog
2022-11-08 00:45:39.073  INFO 21706 --- [main] liquibase.changelog                      : Table medical_card created
2022-11-08 00:45:39.079  INFO 21706 --- [main] liquibase.changelog                      : Table contact created
2022-11-08 00:45:39.083  INFO 21706 --- [main] liquibase.changelog                      : Table illness created
2022-11-08 00:45:39.089  INFO 21706 --- [main] liquibase.changelog                      : Table address created
2022-11-08 00:45:39.097  INFO 21706 --- [main] liquibase.changelog                      : Table person_data created
2022-11-08 00:45:39.099  INFO 21706 --- [main] liquibase.changelog                      : ChangeSet db/0.0.1/1-initial.xml::1::darkdeaddaset         ran successfully in 33ms
2022-11-08 00:45:39.109  INFO 21706 --- [main] liquibase.changelog                      : Foreign key constraint added to address (contact_id)
2022-11-08 00:45:39.111  INFO 21706 --- [main] liquibase.changelog                      : Foreign key constraint added to illness (medical_card_id)
2022-11-08 00:45:39.112  INFO 21706 --- [main] liquibase.changelog                      : Foreign key constraint added to person_data (contact_id)
2022-11-08 00:45:39.113  INFO 21706 --- [main] liquibase.changelog                      : Foreign key constraint added to person_data (medical_card_id)
2022-11-08 00:45:39.115  INFO 21706 --- [main] liquibase.changelog                      : ChangeSet db/0.0.1/2-links.xml::2::darkdeaddaset ran successfully in 11ms
2022-11-08 00:45:39.158  INFO 21706 --- [main] liquibase.changelog                      : Custom SQL executed
2022-11-08 00:45:39.160  INFO 21706 --- [main] liquibase.changelog                      : ChangeSet db/0.0.1/3-insert.xml::3::darkdeaddaset ran successfully in 42ms
2022-11-08 00:45:39.164  INFO 21706 --- [main] liquibase.lockservice                    : Successfully released change log lock
2022-11-08 00:45:39.215  INFO 21706 --- [main] o.s.s.concurrent.ThreadPoolTaskExecutor  : Initializing ExecutorService 'applicationTaskExecutor'
2022-11-08 00:45:39.247  INFO 21706 --- [task-1] o.hibernate.jpa.internal.util.LogHelper  : HHH000204: Processing PersistenceUnitInfo [name: default]
2022-11-08 00:45:39.309  INFO 21706 --- [task-1] org.hibernate.Version                    : HHH000412: Hibernate ORM core version 5.4.15.Final
2022-11-08 00:45:39.398  INFO 21706 --- [task-1] o.hibernate.annotations.common.Version   : HCANN000001: Hibernate Commons Annotations {5.1.0.Final}
2022-11-08 00:45:39.506  INFO 21706 --- [task-1] org.hibernate.dialect.Dialect            : HHH000400: Using dialect: org.hibernate.dialect.PostgreSQL10Dialect
2022-11-08 00:45:39.644  INFO 21706 --- [task-1] o.h.e.t.j.p.i.JtaPlatformInitiator       : HHH000490: Using JtaPlatform implementation: [org.hibernate.engine.transaction.jta.platform.internal.NoJtaPlatform]
2022-11-08 00:45:39.651  INFO 21706 --- [task-1] j.LocalContainerEntityManagerFactoryBean : Initialized JPA EntityManagerFactory for persistence unit 'default'
2022-11-08 00:45:39.723  WARN 21706 --- [main] JpaBaseConfiguration$JpaWebConfiguration : spring.jpa.open-in-view is enabled by default. Therefore, database queries may be performed during view rendering. Explicitly configure spring.jpa.open-in-view to disable this warning
2022-11-08 00:45:39.971  INFO 21706 --- [main] o.s.b.a.e.web.EndpointLinksResolver      : Exposing 2 endpoint(s) beneath base path '/actuator'
2022-11-08 00:45:40.056  WARN 21706 --- [main] o.s.c.n.a.ArchaiusAutoConfiguration      : No spring.application.name found, defaulting to 'application'
2022-11-08 00:45:40.058  WARN 21706 --- [main] c.n.c.sources.URLConfigurationSource     : No URLs will be polled as dynamic configuration sources.
2022-11-08 00:45:40.058  INFO 21706 --- [main] c.n.c.sources.URLConfigurationSource     : To enable URLs as dynamic configuration sources, define System property archaius.configurationSource.additionalUrls or make config.properties available on classpath.
2022-11-08 00:45:40.061  WARN 21706 --- [main] c.n.c.sources.URLConfigurationSource     : No URLs will be polled as dynamic configuration sources.
2022-11-08 00:45:40.061  INFO 21706 --- [main] c.n.c.sources.URLConfigurationSource     : To enable URLs as dynamic configuration sources, define System property archaius.configurationSource.additionalUrls or make config.properties available on classpath.
2022-11-08 00:45:40.635  INFO 21706 --- [main] o.s.b.w.embedded.tomcat.TomcatWebServer  : Tomcat started on port(s): 8090 (http) with context path ''
2022-11-08 00:45:40.666  INFO 21706 --- [main] DeferredRepositoryInitializationListener : Triggering deferred initialization of Spring Data repositories
2022-11-08 00:45:40.666  INFO 21706 --- [main] DeferredRepositoryInitializationListener : Spring Data repositories initialized!
2022-11-08 00:45:40.680  INFO 21706 --- [main] r.s.p.c.MedicalPersonServiceApplication  : Started MedicalPersonServiceApplication in 4.793 seconds (JVM running for 5.353)
2022-11-08 00:45:40.876  INFO 21706 --- [RMI TCP Connection(1)-127.0.0.1] o.a.c.c.C.[Tomcat].[localhost].[/]       : Initializing Spring DispatcherServlet 'dispatcherServlet'
2022-11-08 00:45:40.876  INFO 21706 --- [RMI TCP Connection(1)-127.0.0.1] o.s.web.servlet.DispatcherServlet        : Initializing Servlet 'dispatcherServlet'
2022-11-08 00:45:40.888  INFO 21706 --- [RMI TCP Connection(1)-127.0.0.1] o.s.web.servlet.DispatcherServlet        : Completed initialization in 12 ms
2022-11-08 00:45:44.694  INFO 21706 --- [http-nio-8090-exec-2] r.s.p.core.aop.LoggingAdvice             :  : class org.springframework.aop.aspectj.MethodInvocationProceedingJoinPoint: getAllMedicalCard() : []
2022-11-08 00:45:44.715  INFO 21706 --- [http-nio-8090-exec-2] r.s.p.core.aop.LoggingAdvice             : class org.springframework.aop.aspectj.MethodInvocationProceedingJoinPoint: getAllMedicalCard() Response: []
2022-11-08 00:47:20.814  INFO 21706 --- [SpringContextShutdownHook] j.LocalContainerEntityManagerFactoryBean : Closing JPA EntityManagerFactory for persistence unit 'default'
2022-11-08 00:47:20.816  INFO 21706 --- [SpringContextShutdownHook] o.s.s.concurrent.ThreadPoolTaskExecutor  : Shutting down ExecutorService 'applicationTaskExecutor'
2022-11-08 00:47:20.817  INFO 21706 --- [SpringContextShutdownHook] com.zaxxer.hikari.HikariDataSource       : HikariPool-1 - Shutdown initiated...
2022-11-08 00:47:20.826  INFO 21706 --- [SpringContextShutdownHook] com.zaxxer.hikari.HikariDataSource       : HikariPool-1 - Shutdown completed.
2022-11-08 00:47:30.632  INFO 22525 --- [main] r.s.p.c.MedicalPersonServiceApplication  : The following profiles are active: -Dliquibase.secureParsing=false
2022-11-08 00:47:31.782  INFO 22525 --- [main] .s.d.r.c.RepositoryConfigurationDelegate : Multiple Spring Data modules found, entering strict repository configuration mode!
2022-11-08 00:47:31.783  INFO 22525 --- [main] .s.d.r.c.RepositoryConfigurationDelegate : Bootstrapping Spring Data JDBC repositories in DEFAULT mode.
2022-11-08 00:47:31.791  INFO 22525 --- [main] .s.d.r.c.RepositoryConfigurationDelegate : Finished Spring Data repository scanning in 5ms. Found 0 JDBC repository interfaces.
2022-11-08 00:47:31.798  INFO 22525 --- [main] .s.d.r.c.RepositoryConfigurationDelegate : Multiple Spring Data modules found, entering strict repository configuration mode!
2022-11-08 00:47:31.799  INFO 22525 --- [main] .s.d.r.c.RepositoryConfigurationDelegate : Bootstrapping Spring Data JPA repositories in DEFERRED mode.
2022-11-08 00:47:31.803  INFO 22525 --- [main] .s.d.r.c.RepositoryConfigurationDelegate : Finished Spring Data repository scanning in 1ms. Found 0 JPA repository interfaces.
2022-11-08 00:47:31.994  INFO 22525 --- [main] o.s.cloud.context.scope.GenericScope     : BeanFactory id=54fa560c-8aec-30dc-bb2c-41510adc68e4
2022-11-08 00:47:32.429  INFO 22525 --- [main] o.s.b.w.embedded.tomcat.TomcatWebServer  : Tomcat initialized with port(s): 8090 (http)
2022-11-08 00:47:32.435  INFO 22525 --- [main] o.apache.catalina.core.StandardService   : Starting service [Tomcat]
2022-11-08 00:47:32.436  INFO 22525 --- [main] org.apache.catalina.core.StandardEngine  : Starting Servlet engine: [Apache Tomcat/9.0.35]
2022-11-08 00:47:32.513  INFO 22525 --- [main] o.a.c.c.C.[Tomcat].[localhost].[/]       : Initializing Spring embedded WebApplicationContext
2022-11-08 00:47:32.513  INFO 22525 --- [main] o.s.web.context.ContextLoader            : Root WebApplicationContext: initialization completed in 1862 ms
2022-11-08 00:47:32.807  INFO 22525 --- [main] com.zaxxer.hikari.HikariDataSource       : HikariPool-1 - Starting...
2022-11-08 00:47:33.049  INFO 22525 --- [main] com.zaxxer.hikari.HikariDataSource       : HikariPool-1 - Start completed.
2022-11-08 00:47:33.169  INFO 22525 --- [main] liquibase.database                       : Set default schema name to medical
2022-11-08 00:47:33.244  INFO 22525 --- [main] liquibase.lockservice                    : Successfully acquired change log lock
2022-11-08 00:47:33.372  INFO 22525 --- [main] liquibase.changelog                      : Reading resource: db/0.0.1/1-initial.xml
2022-11-08 00:47:33.484  INFO 22525 --- [main] liquibase.changelog                      : Reading resource: db/0.0.1/2-links.xml
2022-11-08 00:47:33.496  INFO 22525 --- [main] liquibase.changelog                      : Reading resource: db/0.0.1/3-insert.xml
2022-11-08 00:47:33.568  INFO 22525 --- [main] liquibase.changelog                      : Reading from medical.databasechangelog
2022-11-08 00:47:33.637  INFO 22525 --- [main] liquibase.lockservice                    : Successfully released change log lock
2022-11-08 00:47:33.699  INFO 22525 --- [main] o.s.s.concurrent.ThreadPoolTaskExecutor  : Initializing ExecutorService 'applicationTaskExecutor'
2022-11-08 00:47:33.732  INFO 22525 --- [task-1] o.hibernate.jpa.internal.util.LogHelper  : HHH000204: Processing PersistenceUnitInfo [name: default]
2022-11-08 00:47:33.761  INFO 22525 --- [task-1] org.hibernate.Version                    : HHH000412: Hibernate ORM core version 5.4.15.Final
2022-11-08 00:47:33.855  INFO 22525 --- [task-1] o.hibernate.annotations.common.Version   : HCANN000001: Hibernate Commons Annotations {5.1.0.Final}
2022-11-08 00:47:33.928  INFO 22525 --- [task-1] org.hibernate.dialect.Dialect            : HHH000400: Using dialect: org.hibernate.dialect.PostgreSQL10Dialect
2022-11-08 00:47:34.051  INFO 22525 --- [task-1] o.h.e.t.j.p.i.JtaPlatformInitiator       : HHH000490: Using JtaPlatform implementation: [org.hibernate.engine.transaction.jta.platform.internal.NoJtaPlatform]
2022-11-08 00:47:34.057  INFO 22525 --- [task-1] j.LocalContainerEntityManagerFactoryBean : Initialized JPA EntityManagerFactory for persistence unit 'default'
2022-11-08 00:47:34.152  WARN 22525 --- [main] JpaBaseConfiguration$JpaWebConfiguration : spring.jpa.open-in-view is enabled by default. Therefore, database queries may be performed during view rendering. Explicitly configure spring.jpa.open-in-view to disable this warning
2022-11-08 00:47:34.429  INFO 22525 --- [main] o.s.b.a.e.web.EndpointLinksResolver      : Exposing 2 endpoint(s) beneath base path '/actuator'
2022-11-08 00:47:34.528  WARN 22525 --- [main] o.s.c.n.a.ArchaiusAutoConfiguration      : No spring.application.name found, defaulting to 'application'
2022-11-08 00:47:34.531  WARN 22525 --- [main] c.n.c.sources.URLConfigurationSource     : No URLs will be polled as dynamic configuration sources.
2022-11-08 00:47:34.532  INFO 22525 --- [main] c.n.c.sources.URLConfigurationSource     : To enable URLs as dynamic configuration sources, define System property archaius.configurationSource.additionalUrls or make config.properties available on classpath.
2022-11-08 00:47:34.534  WARN 22525 --- [main] c.n.c.sources.URLConfigurationSource     : No URLs will be polled as dynamic configuration sources.
2022-11-08 00:47:34.535  INFO 22525 --- [main] c.n.c.sources.URLConfigurationSource     : To enable URLs as dynamic configuration sources, define System property archaius.configurationSource.additionalUrls or make config.properties available on classpath.
2022-11-08 00:47:35.134  INFO 22525 --- [main] o.s.b.w.embedded.tomcat.TomcatWebServer  : Tomcat started on port(s): 8090 (http) with context path ''
2022-11-08 00:47:35.191  INFO 22525 --- [main] DeferredRepositoryInitializationListener : Triggering deferred initialization of Spring Data repositories
2022-11-08 00:47:35.192  INFO 22525 --- [main] DeferredRepositoryInitializationListener : Spring Data repositories initialized!
2022-11-08 00:47:35.208  INFO 22525 --- [main] r.s.p.c.MedicalPersonServiceApplication  : Started MedicalPersonServiceApplication in 5.546 seconds (JVM running for 6.277)
2022-11-08 00:47:35.552  INFO 22525 --- [RMI TCP Connection(2)-127.0.0.1] o.a.c.c.C.[Tomcat].[localhost].[/]       : Initializing Spring DispatcherServlet 'dispatcherServlet'
2022-11-08 00:47:35.552  INFO 22525 --- [RMI TCP Connection(2)-127.0.0.1] o.s.web.servlet.DispatcherServlet        : Initializing Servlet 'dispatcherServlet'
2022-11-08 00:47:35.559  INFO 22525 --- [RMI TCP Connection(2)-127.0.0.1] o.s.web.servlet.DispatcherServlet        : Completed initialization in 7 ms
2022-11-08 00:47:53.504  INFO 22525 --- [SpringContextShutdownHook] j.LocalContainerEntityManagerFactoryBean : Closing JPA EntityManagerFactory for persistence unit 'default'
2022-11-08 00:47:53.505  INFO 22525 --- [SpringContextShutdownHook] o.s.s.concurrent.ThreadPoolTaskExecutor  : Shutting down ExecutorService 'applicationTaskExecutor'
2022-11-08 00:47:53.506  INFO 22525 --- [SpringContextShutdownHook] com.zaxxer.hikari.HikariDataSource       : HikariPool-1 - Shutdown initiated...
2022-11-08 00:47:53.514  INFO 22525 --- [SpringContextShutdownHook] com.zaxxer.hikari.HikariDataSource       : HikariPool-1 - Shutdown completed.
2022-11-08 00:48:34.164  INFO 23312 --- [main] r.s.p.c.MedicalPersonServiceApplication  : The following profiles are active: -Dliquibase.secureParsing=false
2022-11-08 00:48:35.298  INFO 23312 --- [main] .s.d.r.c.RepositoryConfigurationDelegate : Multiple Spring Data modules found, entering strict repository configuration mode!
2022-11-08 00:48:35.299  INFO 23312 --- [main] .s.d.r.c.RepositoryConfigurationDelegate : Bootstrapping Spring Data JDBC repositories in DEFAULT mode.
2022-11-08 00:48:35.305  INFO 23312 --- [main] .s.d.r.c.RepositoryConfigurationDelegate : Finished Spring Data repository scanning in 4ms. Found 0 JDBC repository interfaces.
2022-11-08 00:48:35.312  INFO 23312 --- [main] .s.d.r.c.RepositoryConfigurationDelegate : Multiple Spring Data modules found, entering strict repository configuration mode!
2022-11-08 00:48:35.312  INFO 23312 --- [main] .s.d.r.c.RepositoryConfigurationDelegate : Bootstrapping Spring Data JPA repositories in DEFERRED mode.
2022-11-08 00:48:35.317  INFO 23312 --- [main] .s.d.r.c.RepositoryConfigurationDelegate : Finished Spring Data repository scanning in 2ms. Found 0 JPA repository interfaces.
2022-11-08 00:48:35.523  INFO 23312 --- [main] o.s.cloud.context.scope.GenericScope     : BeanFactory id=54fa560c-8aec-30dc-bb2c-41510adc68e4
2022-11-08 00:48:35.939  INFO 23312 --- [main] o.s.b.w.embedded.tomcat.TomcatWebServer  : Tomcat initialized with port(s): 8090 (http)
2022-11-08 00:48:35.945  INFO 23312 --- [main] o.apache.catalina.core.StandardService   : Starting service [Tomcat]
2022-11-08 00:48:35.946  INFO 23312 --- [main] org.apache.catalina.core.StandardEngine  : Starting Servlet engine: [Apache Tomcat/9.0.35]
2022-11-08 00:48:36.023  INFO 23312 --- [main] o.a.c.c.C.[Tomcat].[localhost].[/]       : Initializing Spring embedded WebApplicationContext
2022-11-08 00:48:36.023  INFO 23312 --- [main] o.s.web.context.ContextLoader            : Root WebApplicationContext: initialization completed in 1836 ms
2022-11-08 00:48:36.301  INFO 23312 --- [main] com.zaxxer.hikari.HikariDataSource       : HikariPool-1 - Starting...
2022-11-08 00:48:36.522  INFO 23312 --- [main] com.zaxxer.hikari.HikariDataSource       : HikariPool-1 - Start completed.
2022-11-08 00:48:36.643  INFO 23312 --- [main] liquibase.database                       : Set default schema name to medical
2022-11-08 00:48:36.705  INFO 23312 --- [main] liquibase.lockservice                    : Successfully acquired change log lock
2022-11-08 00:48:36.856  INFO 23312 --- [main] liquibase.changelog                      : Reading resource: db/0.0.1/1-initial.xml
2022-11-08 00:48:36.971  INFO 23312 --- [main] liquibase.changelog                      : Reading resource: db/0.0.1/2-links.xml
2022-11-08 00:48:36.989  INFO 23312 --- [main] liquibase.changelog                      : Reading resource: db/0.0.1/3-insert.xml
2022-11-08 00:48:37.070  INFO 23312 --- [main] liquibase.changelog                      : Reading from medical.databasechangelog
2022-11-08 00:48:37.147  INFO 23312 --- [main] liquibase.lockservice                    : Successfully released change log lock
2022-11-08 00:48:37.207  INFO 23312 --- [main] o.s.s.concurrent.ThreadPoolTaskExecutor  : Initializing ExecutorService 'applicationTaskExecutor'
2022-11-08 00:48:37.238  INFO 23312 --- [task-1] o.hibernate.jpa.internal.util.LogHelper  : HHH000204: Processing PersistenceUnitInfo [name: default]
2022-11-08 00:48:37.267  INFO 23312 --- [task-1] org.hibernate.Version                    : HHH000412: Hibernate ORM core version 5.4.15.Final
2022-11-08 00:48:37.374  INFO 23312 --- [task-1] o.hibernate.annotations.common.Version   : HCANN000001: Hibernate Commons Annotations {5.1.0.Final}
2022-11-08 00:48:37.444  INFO 23312 --- [task-1] org.hibernate.dialect.Dialect            : HHH000400: Using dialect: org.hibernate.dialect.PostgreSQL10Dialect
2022-11-08 00:48:37.565  INFO 23312 --- [task-1] o.h.e.t.j.p.i.JtaPlatformInitiator       : HHH000490: Using JtaPlatform implementation: [org.hibernate.engine.transaction.jta.platform.internal.NoJtaPlatform]
2022-11-08 00:48:37.571  INFO 23312 --- [task-1] j.LocalContainerEntityManagerFactoryBean : Initialized JPA EntityManagerFactory for persistence unit 'default'
2022-11-08 00:48:37.685  WARN 23312 --- [main] JpaBaseConfiguration$JpaWebConfiguration : spring.jpa.open-in-view is enabled by default. Therefore, database queries may be performed during view rendering. Explicitly configure spring.jpa.open-in-view to disable this warning
2022-11-08 00:48:37.945  INFO 23312 --- [main] o.s.b.a.e.web.EndpointLinksResolver      : Exposing 2 endpoint(s) beneath base path '/actuator'
2022-11-08 00:48:38.032  WARN 23312 --- [main] o.s.c.n.a.ArchaiusAutoConfiguration      : No spring.application.name found, defaulting to 'application'
2022-11-08 00:48:38.035  WARN 23312 --- [main] c.n.c.sources.URLConfigurationSource     : No URLs will be polled as dynamic configuration sources.
2022-11-08 00:48:38.035  INFO 23312 --- [main] c.n.c.sources.URLConfigurationSource     : To enable URLs as dynamic configuration sources, define System property archaius.configurationSource.additionalUrls or make config.properties available on classpath.
2022-11-08 00:48:38.038  WARN 23312 --- [main] c.n.c.sources.URLConfigurationSource     : No URLs will be polled as dynamic configuration sources.
2022-11-08 00:48:38.038  INFO 23312 --- [main] c.n.c.sources.URLConfigurationSource     : To enable URLs as dynamic configuration sources, define System property archaius.configurationSource.additionalUrls or make config.properties available on classpath.
2022-11-08 00:48:38.655  INFO 23312 --- [main] o.s.b.w.embedded.tomcat.TomcatWebServer  : Tomcat started on port(s): 8090 (http) with context path ''
2022-11-08 00:48:38.704  INFO 23312 --- [main] DeferredRepositoryInitializationListener : Triggering deferred initialization of Spring Data repositories
2022-11-08 00:48:38.705  INFO 23312 --- [main] DeferredRepositoryInitializationListener : Spring Data repositories initialized!
2022-11-08 00:48:38.719  INFO 23312 --- [main] r.s.p.c.MedicalPersonServiceApplication  : Started MedicalPersonServiceApplication in 5.244 seconds (JVM running for 5.795)
2022-11-08 00:48:39.150  INFO 23312 --- [RMI TCP Connection(2)-127.0.0.1] o.a.c.c.C.[Tomcat].[localhost].[/]       : Initializing Spring DispatcherServlet 'dispatcherServlet'
2022-11-08 00:48:39.150  INFO 23312 --- [RMI TCP Connection(2)-127.0.0.1] o.s.web.servlet.DispatcherServlet        : Initializing Servlet 'dispatcherServlet'
2022-11-08 00:48:39.158  INFO 23312 --- [RMI TCP Connection(2)-127.0.0.1] o.s.web.servlet.DispatcherServlet        : Completed initialization in 8 ms
2022-11-08 00:49:23.806  INFO 23312 --- [SpringContextShutdownHook] j.LocalContainerEntityManagerFactoryBean : Closing JPA EntityManagerFactory for persistence unit 'default'
2022-11-08 00:49:23.807  INFO 23312 --- [SpringContextShutdownHook] o.s.s.concurrent.ThreadPoolTaskExecutor  : Shutting down ExecutorService 'applicationTaskExecutor'
2022-11-08 00:49:23.808  INFO 23312 --- [SpringContextShutdownHook] com.zaxxer.hikari.HikariDataSource       : HikariPool-1 - Shutdown initiated...
2022-11-08 00:49:23.817  INFO 23312 --- [SpringContextShutdownHook] com.zaxxer.hikari.HikariDataSource       : HikariPool-1 - Shutdown completed.
2022-11-08 00:49:28.896  INFO 24021 --- [main] r.s.p.c.MedicalPersonServiceApplication  : The following profiles are active: -Dliquibase.secureParsing=false
2022-11-08 00:49:29.942  INFO 24021 --- [main] .s.d.r.c.RepositoryConfigurationDelegate : Multiple Spring Data modules found, entering strict repository configuration mode!
2022-11-08 00:49:29.943  INFO 24021 --- [main] .s.d.r.c.RepositoryConfigurationDelegate : Bootstrapping Spring Data JDBC repositories in DEFAULT mode.
2022-11-08 00:49:29.950  INFO 24021 --- [main] .s.d.r.c.RepositoryConfigurationDelegate : Finished Spring Data repository scanning in 5ms. Found 0 JDBC repository interfaces.
2022-11-08 00:49:29.957  INFO 24021 --- [main] .s.d.r.c.RepositoryConfigurationDelegate : Multiple Spring Data modules found, entering strict repository configuration mode!
2022-11-08 00:49:29.958  INFO 24021 --- [main] .s.d.r.c.RepositoryConfigurationDelegate : Bootstrapping Spring Data JPA repositories in DEFERRED mode.
2022-11-08 00:49:29.963  INFO 24021 --- [main] .s.d.r.c.RepositoryConfigurationDelegate : Finished Spring Data repository scanning in 2ms. Found 0 JPA repository interfaces.
2022-11-08 00:49:30.182  INFO 24021 --- [main] o.s.cloud.context.scope.GenericScope     : BeanFactory id=54fa560c-8aec-30dc-bb2c-41510adc68e4
2022-11-08 00:49:30.638  INFO 24021 --- [main] o.s.b.w.embedded.tomcat.TomcatWebServer  : Tomcat initialized with port(s): 8090 (http)
2022-11-08 00:49:30.645  INFO 24021 --- [main] o.apache.catalina.core.StandardService   : Starting service [Tomcat]
2022-11-08 00:49:30.645  INFO 24021 --- [main] org.apache.catalina.core.StandardEngine  : Starting Servlet engine: [Apache Tomcat/9.0.35]
2022-11-08 00:49:30.738  INFO 24021 --- [main] o.a.c.c.C.[Tomcat].[localhost].[/]       : Initializing Spring embedded WebApplicationContext
2022-11-08 00:49:30.739  INFO 24021 --- [main] o.s.web.context.ContextLoader            : Root WebApplicationContext: initialization completed in 1823 ms
2022-11-08 00:49:31.026  INFO 24021 --- [main] com.zaxxer.hikari.HikariDataSource       : HikariPool-1 - Starting...
2022-11-08 00:49:31.251  INFO 24021 --- [main] com.zaxxer.hikari.HikariDataSource       : HikariPool-1 - Start completed.
2022-11-08 00:49:31.350  INFO 24021 --- [main] liquibase.database                       : Set default schema name to medical
2022-11-08 00:49:31.420  INFO 24021 --- [main] liquibase.lockservice                    : Successfully acquired change log lock
2022-11-08 00:49:31.583  INFO 24021 --- [main] liquibase.changelog                      : Reading resource: db/0.0.1/1-initial.xml
2022-11-08 00:49:31.693  INFO 24021 --- [main] liquibase.changelog                      : Reading resource: db/0.0.1/2-links.xml
2022-11-08 00:49:31.705  INFO 24021 --- [main] liquibase.changelog                      : Reading resource: db/0.0.1/3-insert.xml
2022-11-08 00:49:31.771  INFO 24021 --- [main] liquibase.changelog                      : Reading from medical.databasechangelog
2022-11-08 00:49:31.843  INFO 24021 --- [main] liquibase.lockservice                    : Successfully released change log lock
2022-11-08 00:49:31.899  INFO 24021 --- [main] o.s.s.concurrent.ThreadPoolTaskExecutor  : Initializing ExecutorService 'applicationTaskExecutor'
2022-11-08 00:49:31.931  INFO 24021 --- [task-1] o.hibernate.jpa.internal.util.LogHelper  : HHH000204: Processing PersistenceUnitInfo [name: default]
2022-11-08 00:49:32.011  INFO 24021 --- [task-1] org.hibernate.Version                    : HHH000412: Hibernate ORM core version 5.4.15.Final
2022-11-08 00:49:32.088  INFO 24021 --- [task-1] o.hibernate.annotations.common.Version   : HCANN000001: Hibernate Commons Annotations {5.1.0.Final}
2022-11-08 00:49:32.167  INFO 24021 --- [task-1] org.hibernate.dialect.Dialect            : HHH000400: Using dialect: org.hibernate.dialect.PostgreSQL10Dialect
2022-11-08 00:49:32.298  INFO 24021 --- [task-1] o.h.e.t.j.p.i.JtaPlatformInitiator       : HHH000490: Using JtaPlatform implementation: [org.hibernate.engine.transaction.jta.platform.internal.NoJtaPlatform]
2022-11-08 00:49:32.304  INFO 24021 --- [task-1] j.LocalContainerEntityManagerFactoryBean : Initialized JPA EntityManagerFactory for persistence unit 'default'
2022-11-08 00:49:32.473  WARN 24021 --- [main] JpaBaseConfiguration$JpaWebConfiguration : spring.jpa.open-in-view is enabled by default. Therefore, database queries may be performed during view rendering. Explicitly configure spring.jpa.open-in-view to disable this warning
2022-11-08 00:49:32.758  INFO 24021 --- [main] o.s.b.a.e.web.EndpointLinksResolver      : Exposing 2 endpoint(s) beneath base path '/actuator'
2022-11-08 00:49:32.850  WARN 24021 --- [main] o.s.c.n.a.ArchaiusAutoConfiguration      : No spring.application.name found, defaulting to 'application'
2022-11-08 00:49:32.852  WARN 24021 --- [main] c.n.c.sources.URLConfigurationSource     : No URLs will be polled as dynamic configuration sources.
2022-11-08 00:49:32.852  INFO 24021 --- [main] c.n.c.sources.URLConfigurationSource     : To enable URLs as dynamic configuration sources, define System property archaius.configurationSource.additionalUrls or make config.properties available on classpath.
2022-11-08 00:49:32.855  WARN 24021 --- [main] c.n.c.sources.URLConfigurationSource     : No URLs will be polled as dynamic configuration sources.
2022-11-08 00:49:32.855  INFO 24021 --- [main] c.n.c.sources.URLConfigurationSource     : To enable URLs as dynamic configuration sources, define System property archaius.configurationSource.additionalUrls or make config.properties available on classpath.
2022-11-08 00:49:33.531  INFO 24021 --- [main] o.s.b.w.embedded.tomcat.TomcatWebServer  : Tomcat started on port(s): 8090 (http) with context path ''
2022-11-08 00:49:33.793  INFO 24021 --- [main] DeferredRepositoryInitializationListener : Triggering deferred initialization of Spring Data repositories
2022-11-08 00:49:33.794  INFO 24021 --- [main] DeferredRepositoryInitializationListener : Spring Data repositories initialized!
2022-11-08 00:49:33.809  INFO 24021 --- [main] r.s.p.c.MedicalPersonServiceApplication  : Started MedicalPersonServiceApplication in 5.72 seconds (JVM running for 6.482)
2022-11-08 00:49:34.143  INFO 24021 --- [RMI TCP Connection(3)-127.0.0.1] o.a.c.c.C.[Tomcat].[localhost].[/]       : Initializing Spring DispatcherServlet 'dispatcherServlet'
2022-11-08 00:49:34.143  INFO 24021 --- [RMI TCP Connection(3)-127.0.0.1] o.s.web.servlet.DispatcherServlet        : Initializing Servlet 'dispatcherServlet'
2022-11-08 00:49:34.154  INFO 24021 --- [RMI TCP Connection(3)-127.0.0.1] o.s.web.servlet.DispatcherServlet        : Completed initialization in 11 ms
2022-11-08 00:50:22.313  INFO 24021 --- [SpringContextShutdownHook] j.LocalContainerEntityManagerFactoryBean : Closing JPA EntityManagerFactory for persistence unit 'default'
2022-11-08 00:50:22.314  INFO 24021 --- [SpringContextShutdownHook] o.s.s.concurrent.ThreadPoolTaskExecutor  : Shutting down ExecutorService 'applicationTaskExecutor'
2022-11-08 00:50:22.315  INFO 24021 --- [SpringContextShutdownHook] com.zaxxer.hikari.HikariDataSource       : HikariPool-1 - Shutdown initiated...
2022-11-08 00:50:22.323  INFO 24021 --- [SpringContextShutdownHook] com.zaxxer.hikari.HikariDataSource       : HikariPool-1 - Shutdown completed.
